danwe@DESKTOP-AVCVIJV MINGW64 /c/dev/rust/RustRabbitMQ (cleanup)
$ docker logs -f optimistic_carver
2025-01-09 20:54:30.855952+00:00 [notice] <0.44.0> Application syslog exited with reason: stopped
2025-01-09 20:54:30.862462+00:00 [notice] <0.254.0> Logging: switching to configured handler(s); following messages may not be visible in this log output
2025-01-09 20:54:30.863007+00:00 [notice] <0.254.0> Logging: configured log handlers are now ACTIVE
2025-01-09 20:54:30.873147+00:00 [info] <0.254.0> ra: starting system quorum_queues
2025-01-09 20:54:30.873229+00:00 [info] <0.254.0> starting Ra system: quorum_queues in directory: /var/lib/rabbitmq/mnesia/rabbit@my-rabbit/quorum/rabbit@my-rabbit
2025-01-09 20:54:30.937201+00:00 [info] <0.268.0> ra system 'quorum_queues' running pre init for 0 registered servers
2025-01-09 20:54:30.949235+00:00 [info] <0.269.0> ra: meta data store initialised for system quorum_queues. 0 record(s) recovered
2025-01-09 20:54:30.964743+00:00 [notice] <0.274.0> WAL: ra_log_wal init, open tbls: ra_log_open_mem_tables, closed tbls: ra_log_closed_mem_tables
2025-01-09 20:54:30.981688+00:00 [info] <0.254.0> ra: starting system coordination
2025-01-09 20:54:30.981741+00:00 [info] <0.254.0> starting Ra system: coordination in directory: /var/lib/rabbitmq/mnesia/rabbit@my-rabbit/coordination/rabbit@my-rabbit
2025-01-09 20:54:30.983086+00:00 [info] <0.282.0> ra system 'coordination' running pre init for 0 registered servers
2025-01-09 20:54:30.983810+00:00 [info] <0.283.0> ra: meta data store initialised for system coordination. 0 record(s) recovered
2025-01-09 20:54:30.983999+00:00 [notice] <0.288.0> WAL: ra_coordination_log_wal init, open tbls: ra_coordination_log_open_mem_tables, closed tbls: ra_coordination_log_closed_mem_tables
2025-01-09 20:54:30.986658+00:00 [info] <0.254.0> ra: starting system coordination
2025-01-09 20:54:30.986699+00:00 [info] <0.254.0> starting Ra system: coordination in directory: /var/lib/rabbitmq/mnesia/rabbit@my-rabbit/coordination/rabbit@my-rabbit
2025-01-09 20:54:31.116176+00:00 [info] <0.254.0> Waiting for Khepri leader for 30000 ms, 9 retries left
2025-01-09 20:54:31.123578+00:00 [notice] <0.292.0> RabbitMQ metadata store: candidate -> leader in term: 1 machine version: 1
2025-01-09 20:54:31.135994+00:00 [info] <0.254.0> Khepri leader elected
2025-01-09 20:54:31.136057+00:00 [info] <0.254.0> Waiting for Khepri projections for 30000 ms, 9 retries left
2025-01-09 20:54:31.475086+00:00 [info] <0.254.0>
2025-01-09 20:54:31.475086+00:00 [info] <0.254.0>  Starting RabbitMQ 3.13.7 on Erlang 26.2.5.6 [jit]
2025-01-09 20:54:31.475086+00:00 [info] <0.254.0>  Copyright (c) 2007-2024 Broadcom Inc and/or its subsidiaries
2025-01-09 20:54:31.475086+00:00 [info] <0.254.0>  Licensed under the MPL 2.0. Website: https://rabbitmq.com

  ##  ##      RabbitMQ 3.13.7
  ##  ##
  ##########  Copyright (c) 2007-2024 Broadcom Inc and/or its subsidiaries
  ######  ##
  ##########  Licensed under the MPL 2.0. Website: https://rabbitmq.com

  Erlang:      26.2.5.6 [jit]
  TLS Library: OpenSSL - OpenSSL 3.1.7 3 Sep 2024
  Release series support status: see https://www.rabbitmq.com/release-information

  Doc guides:  https://www.rabbitmq.com/docs
  Support:     https://www.rabbitmq.com/docs/contact
  Tutorials:   https://www.rabbitmq.com/tutorials
  Monitoring:  https://www.rabbitmq.com/docs/monitoring
  Upgrading:   https://www.rabbitmq.com/docs/upgrade

  Logs: <stdout>

  Config file(s): /etc/rabbitmq/conf.d/10-defaults.conf

  Starting broker...2025-01-09 20:54:31.476138+00:00 [info] <0.254.0>
2025-01-09 20:54:31.476138+00:00 [info] <0.254.0>  node           : rabbit@my-rabbit
2025-01-09 20:54:31.476138+00:00 [info] <0.254.0>  home dir       : /var/lib/rabbitmq
2025-01-09 20:54:31.476138+00:00 [info] <0.254.0>  config file(s) : /etc/rabbitmq/conf.d/10-defaults.conf
2025-01-09 20:54:31.476138+00:00 [info] <0.254.0>  cookie hash    : azttROqFUIqisRVkUs7Gbg==
2025-01-09 20:54:31.476138+00:00 [info] <0.254.0>  log(s)         : <stdout>
2025-01-09 20:54:31.476138+00:00 [info] <0.254.0>  data dir       : /var/lib/rabbitmq/mnesia/rabbit@my-rabbit
2025-01-09 20:54:31.935074+00:00 [info] <0.254.0> Running boot step pre_boot defined by app rabbit
2025-01-09 20:54:31.935167+00:00 [info] <0.254.0> Running boot step rabbit_global_counters defined by app rabbit
2025-01-09 20:54:31.935759+00:00 [info] <0.254.0> Running boot step rabbit_osiris_metrics defined by app rabbit
2025-01-09 20:54:31.935890+00:00 [info] <0.254.0> Running boot step rabbit_core_metrics defined by app rabbit
2025-01-09 20:54:31.936378+00:00 [info] <0.254.0> Running boot step rabbit_alarm defined by app rabbit
2025-01-09 20:54:31.953589+00:00 [info] <0.329.0> Memory high watermark set to 3133 MiB (3285827584 bytes) of 7834 MiB (8214568960 bytes) total
2025-01-09 20:54:31.957384+00:00 [info] <0.331.0> Enabling free disk space monitoring (disk free space: 252960714752, total memory: 8214568960)
2025-01-09 20:54:31.957475+00:00 [info] <0.331.0> Disk free limit set to 50MB
2025-01-09 20:54:31.959467+00:00 [info] <0.254.0> Running boot step code_server_cache defined by app rabbit
2025-01-09 20:54:31.959599+00:00 [info] <0.254.0> Running boot step file_handle_cache defined by app rabbit
2025-01-09 20:54:31.968490+00:00 [info] <0.334.0> Limiting to approx 1048479 file handles (943629 sockets)
2025-01-09 20:54:31.968736+00:00 [info] <0.335.0> FHC read buffering: OFF
2025-01-09 20:54:31.968808+00:00 [info] <0.335.0> FHC write buffering: ON
2025-01-09 20:54:31.969691+00:00 [info] <0.254.0> Running boot step worker_pool defined by app rabbit
2025-01-09 20:54:31.969823+00:00 [info] <0.315.0> Will use 8 processes for default worker pool
2025-01-09 20:54:31.969876+00:00 [info] <0.315.0> Starting worker pool 'worker_pool' with 8 processes in it
2025-01-09 20:54:31.970496+00:00 [info] <0.254.0> Running boot step database defined by app rabbit
2025-01-09 20:54:31.970883+00:00 [info] <0.254.0> Peer discovery: configured backend: rabbit_peer_discovery_classic_config
2025-01-09 20:54:31.972425+00:00 [notice] <0.316.0> Feature flags: attempt to enable `detailed_queues_endpoint`...
2025-01-09 20:54:32.048604+00:00 [notice] <0.316.0> Feature flags: `detailed_queues_endpoint` enabled
2025-01-09 20:54:32.048750+00:00 [notice] <0.316.0> Feature flags: attempt to enable `quorum_queue_non_voters`...
2025-01-09 20:54:32.118050+00:00 [notice] <0.316.0> Feature flags: `quorum_queue_non_voters` enabled
2025-01-09 20:54:32.118367+00:00 [notice] <0.316.0> Feature flags: attempt to enable `stream_update_config_command`...
2025-01-09 20:54:32.190631+00:00 [notice] <0.316.0> Feature flags: `stream_update_config_command` enabled
2025-01-09 20:54:32.190762+00:00 [notice] <0.316.0> Feature flags: attempt to enable `stream_filtering`...
2025-01-09 20:54:32.260688+00:00 [notice] <0.316.0> Feature flags: `stream_filtering` enabled
2025-01-09 20:54:32.260842+00:00 [notice] <0.316.0> Feature flags: attempt to enable `stream_sac_coordinator_unblock_group`...
2025-01-09 20:54:32.324177+00:00 [notice] <0.316.0> Feature flags: `stream_sac_coordinator_unblock_group` enabled
2025-01-09 20:54:32.324355+00:00 [notice] <0.316.0> Feature flags: attempt to enable `restart_streams`...
2025-01-09 20:54:32.388480+00:00 [notice] <0.316.0> Feature flags: `restart_streams` enabled
2025-01-09 20:54:32.388768+00:00 [notice] <0.316.0> Feature flags: attempt to enable `message_containers`...
2025-01-09 20:54:32.459753+00:00 [notice] <0.316.0> Feature flags: `message_containers` enabled
2025-01-09 20:54:32.459910+00:00 [notice] <0.316.0> Feature flags: attempt to enable `message_containers_deaths_v2`...
2025-01-09 20:54:32.530997+00:00 [notice] <0.316.0> Feature flags: `message_containers_deaths_v2` enabled
2025-01-09 20:54:32.531258+00:00 [info] <0.254.0> DB: virgin node -> run peer discovery
2025-01-09 20:54:32.531331+00:00 [warning] <0.254.0> Classic peer discovery backend: list of nodes does not contain the local node []
2025-01-09 20:54:32.542566+00:00 [notice] <0.44.0> Application mnesia exited with reason: stopped
2025-01-09 20:54:32.702182+00:00 [info] <0.254.0> Waiting for Mnesia tables for 30000 ms, 9 retries left
2025-01-09 20:54:32.702313+00:00 [info] <0.254.0> Successfully synced tables from a peer
2025-01-09 20:54:32.702522+00:00 [info] <0.254.0> Waiting for Mnesia tables for 30000 ms, 9 retries left
2025-01-09 20:54:32.702676+00:00 [info] <0.254.0> Successfully synced tables from a peer
2025-01-09 20:54:32.712286+00:00 [info] <0.254.0> Waiting for Mnesia tables for 30000 ms, 9 retries left
2025-01-09 20:54:32.712428+00:00 [info] <0.254.0> Successfully synced tables from a peer
2025-01-09 20:54:32.712681+00:00 [info] <0.254.0> Running boot step tracking_metadata_store defined by app rabbit
2025-01-09 20:54:32.712819+00:00 [info] <0.562.0> Setting up a table for connection tracking on this node: tracked_connection
2025-01-09 20:54:32.712903+00:00 [info] <0.562.0> Setting up a table for per-vhost connection counting on this node: tracked_connection_per_vhost
2025-01-09 20:54:32.712985+00:00 [info] <0.562.0> Setting up a table for per-user connection counting on this node: tracked_connection_per_user
2025-01-09 20:54:32.713088+00:00 [info] <0.562.0> Setting up a table for channel tracking on this node: tracked_channel
2025-01-09 20:54:32.713143+00:00 [info] <0.562.0> Setting up a table for channel tracking on this node: tracked_channel_per_user
2025-01-09 20:54:32.713196+00:00 [info] <0.254.0> Running boot step networking_metadata_store defined by app rabbit
2025-01-09 20:54:32.713269+00:00 [info] <0.254.0> Running boot step feature_flags defined by app rabbit
2025-01-09 20:54:32.713403+00:00 [info] <0.254.0> Running boot step codec_correctness_check defined by app rabbit
2025-01-09 20:54:32.713446+00:00 [info] <0.254.0> Running boot step external_infrastructure defined by app rabbit
2025-01-09 20:54:32.713500+00:00 [info] <0.254.0> Running boot step rabbit_event defined by app rabbit
2025-01-09 20:54:32.713619+00:00 [info] <0.254.0> Running boot step rabbit_registry defined by app rabbit
2025-01-09 20:54:32.713721+00:00 [info] <0.254.0> Running boot step rabbit_auth_mechanism_amqplain defined by app rabbit
2025-01-09 20:54:32.713815+00:00 [info] <0.254.0> Running boot step rabbit_auth_mechanism_cr_demo defined by app rabbit
2025-01-09 20:54:32.713891+00:00 [info] <0.254.0> Running boot step rabbit_auth_mechanism_plain defined by app rabbit
2025-01-09 20:54:32.713957+00:00 [info] <0.254.0> Running boot step rabbit_exchange_type_direct defined by app rabbit
2025-01-09 20:54:32.714024+00:00 [info] <0.254.0> Running boot step rabbit_exchange_type_fanout defined by app rabbit
2025-01-09 20:54:32.714076+00:00 [info] <0.254.0> Running boot step rabbit_exchange_type_headers defined by app rabbit
2025-01-09 20:54:32.714137+00:00 [info] <0.254.0> Running boot step rabbit_exchange_type_topic defined by app rabbit
2025-01-09 20:54:32.714210+00:00 [info] <0.254.0> Running boot step rabbit_mirror_queue_mode_all defined by app rabbit
2025-01-09 20:54:32.714295+00:00 [info] <0.254.0> Running boot step rabbit_mirror_queue_mode_exactly defined by app rabbit
2025-01-09 20:54:32.714377+00:00 [info] <0.254.0> Running boot step rabbit_mirror_queue_mode_nodes defined by app rabbit
2025-01-09 20:54:32.714448+00:00 [info] <0.254.0> Running boot step rabbit_priority_queue defined by app rabbit
2025-01-09 20:54:32.714481+00:00 [info] <0.254.0> Priority queues enabled, real BQ is rabbit_variable_queue
2025-01-09 20:54:32.714568+00:00 [info] <0.254.0> Running boot step rabbit_queue_location_client_local defined by app rabbit
2025-01-09 20:54:32.714632+00:00 [info] <0.254.0> Running boot step rabbit_queue_location_min_masters defined by app rabbit
2025-01-09 20:54:32.714688+00:00 [info] <0.254.0> Running boot step rabbit_queue_location_random defined by app rabbit
2025-01-09 20:54:32.714763+00:00 [info] <0.254.0> Running boot step kernel_ready defined by app rabbit
2025-01-09 20:54:32.714789+00:00 [info] <0.254.0> Running boot step rabbit_sysmon_minder defined by app rabbit
2025-01-09 20:54:32.714932+00:00 [info] <0.254.0> Running boot step rabbit_epmd_monitor defined by app rabbit
2025-01-09 20:54:32.715788+00:00 [info] <0.570.0> epmd monitor knows us, inter-node communication (distribution) port: 25672
2025-01-09 20:54:32.715892+00:00 [info] <0.254.0> Running boot step guid_generator defined by app rabbit
2025-01-09 20:54:32.718773+00:00 [info] <0.254.0> Running boot step rabbit_node_monitor defined by app rabbit
2025-01-09 20:54:32.719053+00:00 [info] <0.574.0> Starting rabbit_node_monitor (in ignore mode)
2025-01-09 20:54:32.719206+00:00 [info] <0.254.0> Running boot step delegate_sup defined by app rabbit
2025-01-09 20:54:32.719860+00:00 [info] <0.254.0> Running boot step rabbit_memory_monitor defined by app rabbit
2025-01-09 20:54:32.719999+00:00 [info] <0.254.0> Running boot step rabbit_fifo_dlx_sup defined by app rabbit
2025-01-09 20:54:32.720121+00:00 [info] <0.254.0> Running boot step core_initialized defined by app rabbit
2025-01-09 20:54:32.720152+00:00 [info] <0.254.0> Running boot step rabbit_channel_tracking_handler defined by app rabbit
2025-01-09 20:54:32.720203+00:00 [info] <0.254.0> Running boot step rabbit_connection_tracking_handler defined by app rabbit
2025-01-09 20:54:32.720254+00:00 [info] <0.254.0> Running boot step rabbit_definitions_hashing defined by app rabbit
2025-01-09 20:54:32.720326+00:00 [info] <0.254.0> Running boot step rabbit_exchange_parameters defined by app rabbit
2025-01-09 20:54:32.749796+00:00 [info] <0.254.0> Running boot step rabbit_mirror_queue_misc defined by app rabbit
2025-01-09 20:54:32.750436+00:00 [info] <0.254.0> Running boot step rabbit_policies defined by app rabbit
2025-01-09 20:54:32.750775+00:00 [info] <0.254.0> Running boot step rabbit_policy defined by app rabbit
2025-01-09 20:54:32.750863+00:00 [info] <0.254.0> Running boot step rabbit_queue_location_validator defined by app rabbit
2025-01-09 20:54:32.750990+00:00 [info] <0.254.0> Running boot step rabbit_quorum_memory_manager defined by app rabbit
2025-01-09 20:54:32.751101+00:00 [info] <0.254.0> Running boot step rabbit_quorum_queue defined by app rabbit
2025-01-09 20:54:32.751234+00:00 [info] <0.254.0> Running boot step rabbit_stream_coordinator defined by app rabbit
2025-01-09 20:54:32.751345+00:00 [info] <0.254.0> Running boot step rabbit_vhost_limit defined by app rabbit
2025-01-09 20:54:32.751416+00:00 [info] <0.254.0> Running boot step rabbit_federation_parameters defined by app rabbitmq_federation
2025-01-09 20:54:32.751619+00:00 [info] <0.254.0> Running boot step rabbit_federation_supervisor defined by app rabbitmq_federation
2025-01-09 20:54:32.759611+00:00 [info] <0.254.0> Running boot step rabbit_federation_queue defined by app rabbitmq_federation
2025-01-09 20:54:32.759936+00:00 [info] <0.254.0> Running boot step rabbit_federation_upstream_exchange defined by app rabbitmq_federation
2025-01-09 20:54:32.760111+00:00 [info] <0.254.0> Running boot step rabbit_mgmt_reset_handler defined by app rabbitmq_management
2025-01-09 20:54:32.760189+00:00 [info] <0.254.0> Running boot step rabbit_mgmt_db_handler defined by app rabbitmq_management_agent
2025-01-09 20:54:32.760258+00:00 [info] <0.254.0> Management plugin: using rates mode 'basic'
2025-01-09 20:54:32.760450+00:00 [info] <0.254.0> Running boot step recovery defined by app rabbit
2025-01-09 20:54:32.773884+00:00 [info] <0.254.0> Running boot step empty_db_check defined by app rabbit
2025-01-09 20:54:32.773960+00:00 [info] <0.254.0> Will seed default virtual host and user...
2025-01-09 20:54:32.774178+00:00 [info] <0.254.0> Adding vhost '/' (description: 'Default virtual host', tags: [])
2025-01-09 20:54:32.793714+00:00 [info] <0.634.0> Making sure data directory '/var/lib/rabbitmq/mnesia/rabbit@my-rabbit/msg_stores/vhosts/628WB79CIFDYO9LJI6DKMI09L' for vhost '/' exists
2025-01-09 20:54:32.795108+00:00 [info] <0.634.0> Setting segment_entry_count for vhost '/' with 0 queues to '2048'
2025-01-09 20:54:32.808119+00:00 [info] <0.634.0> Starting message stores for vhost '/'
2025-01-09 20:54:32.808380+00:00 [info] <0.643.0> Message store "628WB79CIFDYO9LJI6DKMI09L/msg_store_transient": using rabbit_msg_store_ets_index to provide index
2025-01-09 20:54:32.809787+00:00 [info] <0.634.0> Started message store of type transient for vhost '/'
2025-01-09 20:54:32.809928+00:00 [info] <0.647.0> Message store "628WB79CIFDYO9LJI6DKMI09L/msg_store_persistent": using rabbit_msg_store_ets_index to provide index
2025-01-09 20:54:32.810439+00:00 [warning] <0.647.0> Message store "628WB79CIFDYO9LJI6DKMI09L/msg_store_persistent": rebuilding indices from scratch
2025-01-09 20:54:32.811228+00:00 [info] <0.634.0> Started message store of type persistent for vhost '/'
2025-01-09 20:54:32.811364+00:00 [info] <0.634.0> Recovering 0 queues of type rabbit_classic_queue took 15ms
2025-01-09 20:54:32.811420+00:00 [info] <0.634.0> Recovering 0 queues of type rabbit_quorum_queue took 0ms
2025-01-09 20:54:32.811487+00:00 [info] <0.634.0> Recovering 0 queues of type rabbit_stream_queue took 0ms
2025-01-09 20:54:32.815700+00:00 [info] <0.254.0> Created user 'guest'
2025-01-09 20:54:32.818033+00:00 [info] <0.254.0> Successfully set user tags for user 'guest' to [administrator]
2025-01-09 20:54:32.820521+00:00 [info] <0.254.0> Successfully set permissions for user 'guest' in virtual host '/' to '.*', '.*', '.*'
2025-01-09 20:54:32.820588+00:00 [info] <0.254.0> Running boot step rabbit_observer_cli defined by app rabbit
2025-01-09 20:54:32.820689+00:00 [info] <0.254.0> Running boot step rabbit_looking_glass defined by app rabbit
2025-01-09 20:54:32.820734+00:00 [info] <0.254.0> Running boot step rabbit_core_metrics_gc defined by app rabbit
2025-01-09 20:54:32.820880+00:00 [info] <0.254.0> Running boot step background_gc defined by app rabbit
2025-01-09 20:54:32.821029+00:00 [info] <0.254.0> Running boot step routing_ready defined by app rabbit
2025-01-09 20:54:32.821094+00:00 [info] <0.254.0> Running boot step pre_flight defined by app rabbit
2025-01-09 20:54:32.821170+00:00 [info] <0.254.0> Running boot step notify_cluster defined by app rabbit
2025-01-09 20:54:32.821236+00:00 [info] <0.254.0> Running boot step networking defined by app rabbit
2025-01-09 20:54:32.821279+00:00 [info] <0.254.0> Running boot step rabbit_quorum_queue_periodic_membership_reconciliation defined by app rabbit
2025-01-09 20:54:32.821410+00:00 [info] <0.254.0> Running boot step definition_import_worker_pool defined by app rabbit
2025-01-09 20:54:32.821461+00:00 [info] <0.315.0> Starting worker pool 'definition_import_pool' with 8 processes in it
2025-01-09 20:54:32.822016+00:00 [info] <0.254.0> Running boot step cluster_name defined by app rabbit
2025-01-09 20:54:32.822094+00:00 [info] <0.254.0> Initialising internal cluster ID to 'rabbitmq-cluster-id-f1sUzM2PC2QZeBK-2fSUbA'
2025-01-09 20:54:32.824224+00:00 [info] <0.254.0> Running boot step virtual_host_reconciliation defined by app rabbit
2025-01-09 20:54:32.824430+00:00 [info] <0.254.0> Running boot step direct_client defined by app rabbit
2025-01-09 20:54:32.824517+00:00 [info] <0.254.0> Running boot step rabbit_federation_exchange defined by app rabbitmq_federation
2025-01-09 20:54:32.824677+00:00 [info] <0.254.0> Running boot step rabbit_management_load_definitions defined by app rabbitmq_management
2025-01-09 20:54:32.824868+00:00 [info] <0.688.0> Resetting node maintenance status
2025-01-09 20:54:33.032594+00:00 [warning] <0.717.0> Deprecated features: `management_metrics_collection`: Feature `management_metrics_collection` is deprecated.
2025-01-09 20:54:33.032594+00:00 [warning] <0.717.0> By default, this feature can still be used for now.
2025-01-09 20:54:33.032594+00:00 [warning] <0.717.0> Its use will not be permitted by default in a future minor RabbitMQ version and the feature will be removed from a future major RabbitMQ version; actual versions to be determined.
2025-01-09 20:54:33.032594+00:00 [warning] <0.717.0> To continue using this feature when it is not permitted by default, set the following parameter in your configuration:
2025-01-09 20:54:33.032594+00:00 [warning] <0.717.0>     "deprecated_features.permit.management_metrics_collection = true"
2025-01-09 20:54:33.032594+00:00 [warning] <0.717.0> To test RabbitMQ as if the feature was removed, set this in your configuration:
2025-01-09 20:54:33.032594+00:00 [warning] <0.717.0>     "deprecated_features.permit.management_metrics_collection = false"
2025-01-09 20:54:36.265139+00:00 [info] <0.754.0> Management plugin: HTTP (non-TLS) listener started on port 15672
2025-01-09 20:54:36.265270+00:00 [info] <0.784.0> Statistics database started.
2025-01-09 20:54:36.265329+00:00 [info] <0.783.0> Starting worker pool 'management_worker_pool' with 3 processes in it
2025-01-09 20:54:36.274403+00:00 [info] <0.802.0> Prometheus metrics: HTTP (non-TLS) listener started on port 15692
2025-01-09 20:54:36.274597+00:00 [info] <0.688.0> Ready to start client connection listeners
2025-01-09 20:54:36.276251+00:00 [info] <0.846.0> started TCP listener on [::]:5672
 completed with 5 plugins.
2025-01-09 20:54:36.387001+00:00 [info] <0.688.0> Server startup complete; 5 plugins started.
2025-01-09 20:54:36.387001+00:00 [info] <0.688.0>  * rabbitmq_prometheus
2025-01-09 20:54:36.387001+00:00 [info] <0.688.0>  * rabbitmq_federation
2025-01-09 20:54:36.387001+00:00 [info] <0.688.0>  * rabbitmq_management
2025-01-09 20:54:36.387001+00:00 [info] <0.688.0>  * rabbitmq_management_agent
2025-01-09 20:54:36.387001+00:00 [info] <0.688.0>  * rabbitmq_web_dispatch
2025-01-09 20:54:36.448678+00:00 [info] <0.9.0> Time to start RabbitMQ: 8800 ms
